Performing C++ SOURCE FILE Test HAVE_UINT128_T failed with the following output:
Change Dir: /home/wkd/BBR_ICC/NS3/cmake-cache/CMakeFiles/CMakeTmp

Run Build Command(s):/usr/bin/gmake -f Makefile cmTC_7d0ce/fast && /usr/bin/gmake  -f CMakeFiles/cmTC_7d0ce.dir/build.make CMakeFiles/cmTC_7d0ce.dir/build
gmake[1]: 进入目录“/home/wkd/BBR_ICC/NS3/cmake-cache/CMakeFiles/CMakeTmp”
Building CXX object CMakeFiles/cmTC_7d0ce.dir/src.cxx.o
/usr/bin/c++ -DHAVE_UINT128_T  -fPIE -std=c++20 -o CMakeFiles/cmTC_7d0ce.dir/src.cxx.o -c /home/wkd/BBR_ICC/NS3/cmake-cache/CMakeFiles/CMakeTmp/src.cxx
/home/wkd/BBR_ICC/NS3/cmake-cache/CMakeFiles/CMakeTmp/src.cxx: In function ‘int main()’:
/home/wkd/BBR_ICC/NS3/cmake-cache/CMakeFiles/CMakeTmp/src.cxx:4:18: error: ‘uint128_t’ was not declared in this scope; did you mean ‘uint8_t’?
    4 |             if ((uint128_t *) 0) return 0;
      |                  ^~~~~~~~~
      |                  uint8_t
/home/wkd/BBR_ICC/NS3/cmake-cache/CMakeFiles/CMakeTmp/src.cxx:4:29: error: expected primary-expression before ‘)’ token
    4 |             if ((uint128_t *) 0) return 0;
      |                             ^
/home/wkd/BBR_ICC/NS3/cmake-cache/CMakeFiles/CMakeTmp/src.cxx:4:30: error: expected ‘)’ before numeric constant
    4 |             if ((uint128_t *) 0) return 0;
      |                ~             ^~
      |                              )
/home/wkd/BBR_ICC/NS3/cmake-cache/CMakeFiles/CMakeTmp/src.cxx:5:25: error: ‘uint128_t’ was not declared in this scope; did you mean ‘uint8_t’?
    5 |             if (sizeof (uint128_t)) return 0;
      |                         ^~~~~~~~~
      |                         uint8_t
gmake[1]: *** [CMakeFiles/cmTC_7d0ce.dir/build.make:78：CMakeFiles/cmTC_7d0ce.dir/src.cxx.o] 错误 1
gmake[1]: 离开目录“/home/wkd/BBR_ICC/NS3/cmake-cache/CMakeFiles/CMakeTmp”
gmake: *** [Makefile:127：cmTC_7d0ce/fast] 错误 2


Source file was:
#include <stdint.h>
       int main()
         {
            if ((uint128_t *) 0) return 0;
            if (sizeof (uint128_t)) return 0;
            return 1;
         }
Determining if the include file net/netmap_user.h exists failed with the following output:
Change Dir: /home/wkd/BBR_ICC/NS3/cmake-cache/CMakeFiles/CMakeTmp

Run Build Command(s):/usr/bin/gmake -f Makefile cmTC_56ef1/fast && /usr/bin/gmake  -f CMakeFiles/cmTC_56ef1.dir/build.make CMakeFiles/cmTC_56ef1.dir/build
gmake[1]: 进入目录“/home/wkd/BBR_ICC/NS3/cmake-cache/CMakeFiles/CMakeTmp”
Building C object CMakeFiles/cmTC_56ef1.dir/CheckIncludeFile.c.o
/usr/bin/cc   -fPIE -o CMakeFiles/cmTC_56ef1.dir/CheckIncludeFile.c.o -c /home/wkd/BBR_ICC/NS3/cmake-cache/CMakeFiles/CMakeTmp/CheckIncludeFile.c
/home/wkd/BBR_ICC/NS3/cmake-cache/CMakeFiles/CMakeTmp/CheckIncludeFile.c:1:10: fatal error: net/netmap_user.h: 没有那个文件或目录
    1 | #include <net/netmap_user.h>
      |          ^~~~~~~~~~~~~~~~~~~
compilation terminated.
gmake[1]: *** [CMakeFiles/cmTC_56ef1.dir/build.make:78：CMakeFiles/cmTC_56ef1.dir/CheckIncludeFile.c.o] 错误 1
gmake[1]: 离开目录“/home/wkd/BBR_ICC/NS3/cmake-cache/CMakeFiles/CMakeTmp”
gmake: *** [Makefile:127：cmTC_56ef1/fast] 错误 2



